[10-Mar-2021 22:28:16 Asia/Tokyo] PHP Notice:  Only variables should be passed by reference in /var/www/html/user/action/register.php on line 17
[11-Mar-2021 21:37:36 Asia/Tokyo] PHP Fatal error:  Uncaught Error: Call to undefined function mb_strlrn() in /var/www/html/common/validation.php:17
Stack trace:
#0 /var/www/html/user/action/register.php(22): stringMinSizeCheck(Array, '', '\xE3\x83\x91\xE3\x82\xB9\xE3\x83\xAF\xE3\x83\xBC\xE3\x83\x89...')
#1 {main}
  thrown in /var/www/html/common/validation.php on line 17
[11-Mar-2021 21:37:50 Asia/Tokyo] PHP Fatal error:  Uncaught Error: Call to undefined function mb_strlrn() in /var/www/html/common/validation.php:17
Stack trace:
#0 /var/www/html/user/action/register.php(22): stringMinSizeCheck(Array, '', '\xE3\x83\x91\xE3\x82\xB9\xE3\x83\xAF\xE3\x83\xBC\xE3\x83\x89...')
#1 {main}
  thrown in /var/www/html/common/validation.php on line 17
[11-Mar-2021 21:43:31 Asia/Tokyo] PHP Fatal error:  Uncaught Error: Call to undefined function mailAddressCheck() in /var/www/html/user/action/register.php:26
Stack trace:
#0 {main}
  thrown in /var/www/html/user/action/register.php on line 26
[11-Mar-2021 21:47:09 Asia/Tokyo] PHP Fatal error:  Uncaught Error: Call to undefined function mailAddressCheck() in /var/www/html/user/action/register.php:26
Stack trace:
#0 {main}
  thrown in /var/www/html/user/action/register.php on line 26
[11-Mar-2021 22:07:13 Asia/Tokyo] PHP Fatal error:  Uncaught Error: Call to undefined function mailAddressCheck() in /var/www/html/user/action/register.php:26
Stack trace:
#0 {main}
  thrown in /var/www/html/user/action/register.php on line 26
[11-Mar-2021 22:12:34 Asia/Tokyo] PHP Fatal error:  Uncaught Error: Call to undefined function mailAddressCheck() in /var/www/html/user/action/register.php:26
Stack trace:
#0 {main}
  thrown in /var/www/html/user/action/register.php on line 26
[11-Mar-2021 22:18:13 Asia/Tokyo] PHP Fatal error:  Uncaught Error: Call to undefined function mailAddressCheck() in /var/www/html/user/action/register.php:26
Stack trace:
#0 {main}
  thrown in /var/www/html/user/action/register.php on line 26
[11-Mar-2021 22:20:12 Asia/Tokyo] PHP Fatal error:  Uncaught Error: Call to undefined function mailAddressCheck() in /var/www/html/user/action/register.php:26
Stack trace:
#0 {main}
  thrown in /var/www/html/user/action/register.php on line 26
[11-Mar-2021 22:27:20 Asia/Tokyo] PHP Fatal error:  Uncaught Error: Call to undefined function mailAddressCheck() in /var/www/html/user/action/register.php:26
Stack trace:
#0 {main}
  thrown in /var/www/html/user/action/register.php on line 26
[11-Mar-2021 23:26:46 Asia/Tokyo] PHP Warning:  Use of undefined constant check_value - assumed 'check_value' (this will throw an Error in a future version of PHP) in /var/www/html/common/validation.php on line 35
[11-Mar-2021 23:26:46 Asia/Tokyo] PHP Warning:  Use of undefined constant check_value - assumed 'check_value' (this will throw an Error in a future version of PHP) in /var/www/html/common/validation.php on line 35
[11-Mar-2021 23:26:46 Asia/Tokyo] PHP Notice:  Only variables should be passed by reference in /var/www/html/user/action/register.php on line 50
[11-Mar-2021 23:34:38 Asia/Tokyo] PHP Warning:  Use of undefined constant check_value - assumed 'check_value' (this will throw an Error in a future version of PHP) in /var/www/html/common/validation.php on line 35
[11-Mar-2021 23:34:38 Asia/Tokyo] PHP Warning:  Use of undefined constant check_value - assumed 'check_value' (this will throw an Error in a future version of PHP) in /var/www/html/common/validation.php on line 35
[11-Mar-2021 23:35:29 Asia/Tokyo] PHP Warning:  Use of undefined constant check_value - assumed 'check_value' (this will throw an Error in a future version of PHP) in /var/www/html/common/validation.php on line 35
[11-Mar-2021 23:35:29 Asia/Tokyo] PHP Warning:  Use of undefined constant check_value - assumed 'check_value' (this will throw an Error in a future version of PHP) in /var/www/html/common/validation.php on line 35
[11-Mar-2021 23:35:29 Asia/Tokyo] PHP Notice:  Only variables should be passed by reference in /var/www/html/user/action/register.php on line 50
[11-Mar-2021 23:41:17 Asia/Tokyo] PHP Warning:  Use of undefined constant check_value - assumed 'check_value' (this will throw an Error in a future version of PHP) in /var/www/html/common/validation.php on line 35
[11-Mar-2021 23:41:17 Asia/Tokyo] PHP Warning:  Use of undefined constant check_value - assumed 'check_value' (this will throw an Error in a future version of PHP) in /var/www/html/common/validation.php on line 35
[11-Mar-2021 23:42:06 Asia/Tokyo] PHP Warning:  Use of undefined constant check_value - assumed 'check_value' (this will throw an Error in a future version of PHP) in /var/www/html/common/validation.php on line 35
[11-Mar-2021 23:42:06 Asia/Tokyo] PHP Warning:  Use of undefined constant check_value - assumed 'check_value' (this will throw an Error in a future version of PHP) in /var/www/html/common/validation.php on line 35
[11-Mar-2021 23:42:06 Asia/Tokyo] PHP Notice:  Only variables should be passed by reference in /var/www/html/user/action/register.php on line 50
[15-Mar-2021 00:13:13 Asia/Tokyo] PHP Notice:  Only variables should be passed by reference in /var/www/html/user/action/register.php on line 50
[15-Mar-2021 23:39:22 Asia/Tokyo] PHP Warning:  require(../../common.database.php): failed to open stream: No such file or directory in /var/www/html/memo/action/add.php on line 3
[15-Mar-2021 23:39:22 Asia/Tokyo] PHP Fatal error:  require(): Failed opening required '../../common.database.php' (include_path='.:/usr/local/lib/php') in /var/www/html/memo/action/add.php on line 3
[15-Mar-2021 23:39:36 Asia/Tokyo] PHP Warning:  require(../../common.database.php): failed to open stream: No such file or directory in /var/www/html/memo/action/add.php on line 3
[15-Mar-2021 23:39:36 Asia/Tokyo] PHP Fatal error:  require(): Failed opening required '../../common.database.php' (include_path='.:/usr/local/lib/php') in /var/www/html/memo/action/add.php on line 3
[15-Mar-2021 23:40:25 Asia/Tokyo] PHP Fatal error:  Uncaught Error: Call to undefined function isser() in /var/www/html/common/auth.php:45
Stack trace:
#0 /var/www/html/memo/action/add.php(10): getLoginUserId()
#1 {main}
  thrown in /var/www/html/common/auth.php on line 45
