2021-03-08T06:12:15.651290Z 0 [Warning] TIMESTAMP with implicit DEFAULT value is deprecated. Please use --explicit_defaults_for_timestamp server option (see documentation for more details).
2021-03-08T06:12:15.667569Z 0 [Warning] Setting lower_case_table_names=2 because file system for /var/lib/mysql/ is case insensitive
2021-03-08T06:12:17.486528Z 0 [Warning] InnoDB: New log files created, LSN=45790
2021-03-08T06:12:17.754115Z 0 [Warning] InnoDB: Creating foreign key constraint system tables.
2021-03-08T06:12:17.861225Z 0 [Warning] No existing UUID has been found, so we assume that this is the first time that this server has been started. Generating a new UUID: 3c22d41b-7fd5-11eb-afe6-0242ac140002.
2021-03-08T06:12:17.868224Z 0 [Warning] Gtid table is not ready to be used. Table 'mysql.gtid_executed' cannot be opened.
2021-03-08T06:12:18.573335Z 0 [Warning] CA certificate ca.pem is self signed.
2021-03-08T06:12:18.776471Z 1 [Warning] root@localhost is created with an empty password ! Please consider switching off the --initialize-insecure option.
2021-03-08T06:12:28.049411Z 0 [Warning] TIMESTAMP with implicit DEFAULT value is deprecated. Please use --explicit_defaults_for_timestamp server option (see documentation for more details).
2021-03-08T06:12:28.059704Z 0 [Note] mysqld (mysqld 5.7.33) starting as process 78 ...
2021-03-08T06:12:28.066045Z 0 [Warning] Setting lower_case_table_names=2 because file system for /var/lib/mysql/ is case insensitive
2021-03-08T06:12:28.071365Z 0 [Note] InnoDB: PUNCH HOLE support available
2021-03-08T06:12:28.071942Z 0 [Note] InnoDB: Mutexes and rw_locks use GCC atomic builtins
2021-03-08T06:12:28.072460Z 0 [Note] InnoDB: Uses event mutexes
2021-03-08T06:12:28.072936Z 0 [Note] InnoDB: GCC builtin __atomic_thread_fence() is used for memory barrier
2021-03-08T06:12:28.073506Z 0 [Note] InnoDB: Compressed tables use zlib 1.2.11
2021-03-08T06:12:28.074112Z 0 [Note] InnoDB: Using Linux native AIO
2021-03-08T06:12:28.074772Z 0 [Note] InnoDB: Number of pools: 1
2021-03-08T06:12:28.076242Z 0 [Note] InnoDB: Using CPU crc32 instructions
2021-03-08T06:12:28.079217Z 0 [Note] InnoDB: Initializing buffer pool, total size = 128M, instances = 1, chunk size = 128M
2021-03-08T06:12:28.088422Z 0 [Note] InnoDB: Completed initialization of buffer pool
2021-03-08T06:12:28.091138Z 0 [Note] InnoDB: If the mysqld execution user is authorized, page cleaner thread priority can be changed. See the man page of setpriority().
2021-03-08T06:12:28.152719Z 0 [Note] InnoDB: Highest supported file format is Barracuda.
2021-03-08T06:12:28.296343Z 0 [Note] InnoDB: Creating shared tablespace for temporary tables
2021-03-08T06:12:28.302600Z 0 [Note] InnoDB: Setting file './ibtmp1' size to 12 MB. Physically writing the file full; Please wait ...
2021-03-08T06:12:28.410736Z 0 [Note] InnoDB: File './ibtmp1' size is now 12 MB.
2021-03-08T06:12:28.423845Z 0 [Note] InnoDB: 96 redo rollback segment(s) found. 96 redo rollback segment(s) are active.
2021-03-08T06:12:28.424667Z 0 [Note] InnoDB: 32 non-redo rollback segment(s) are active.
2021-03-08T06:12:28.425870Z 0 [Note] InnoDB: Waiting for purge to start
2021-03-08T06:12:28.477079Z 0 [Note] InnoDB: 5.7.33 started; log sequence number 2747895
2021-03-08T06:12:28.478134Z 0 [Note] InnoDB: Loading buffer pool(s) from /var/lib/mysql/ib_buffer_pool
2021-03-08T06:12:28.478410Z 0 [Note] Plugin 'FEDERATED' is disabled.
2021-03-08T06:12:28.528959Z 0 [Note] Found ca.pem, server-cert.pem and server-key.pem in data directory. Trying to enable SSL support using them.
2021-03-08T06:12:28.529982Z 0 [Note] Skipping generation of SSL certificates as certificate files are present in data directory.
2021-03-08T06:12:28.533260Z 0 [Note] InnoDB: Buffer pool(s) load completed at 210308 15:12:28
2021-03-08T06:12:28.539823Z 0 [Warning] CA certificate ca.pem is self signed.
2021-03-08T06:12:28.540559Z 0 [Note] Skipping generation of RSA key pair as key files are present in data directory.
2021-03-08T06:12:28.553159Z 0 [Warning] Insecure configuration for --pid-file: Location '/var/run/mysqld' in the path is accessible to all OS users. Consider choosing a different directory.
2021-03-08T06:12:28.898621Z 0 [Note] Event Scheduler: Loaded 0 events
2021-03-08T06:12:28.899585Z 0 [Note] mysqld: ready for connections.
Version: '5.7.33'  socket: '/var/run/mysqld/mysqld.sock'  port: 0  MySQL Community Server (GPL)
2021-03-08T06:12:32.661513Z 0 [Note] Giving 0 client threads a chance to die gracefully
2021-03-08T06:12:32.662215Z 0 [Note] Shutting down slave threads
2021-03-08T06:12:32.662759Z 0 [Note] Forcefully disconnecting 0 remaining clients
2021-03-08T06:12:32.663285Z 0 [Note] Event Scheduler: Purging the queue. 0 events
2021-03-08T06:12:32.663855Z 0 [Note] Binlog end
2021-03-08T06:12:32.668043Z 0 [Note] Shutting down plugin 'ngram'
2021-03-08T06:12:32.668699Z 0 [Note] Shutting down plugin 'partition'
2021-03-08T06:12:32.669244Z 0 [Note] Shutting down plugin 'BLACKHOLE'
2021-03-08T06:12:32.669706Z 0 [Note] Shutting down plugin 'ARCHIVE'
2021-03-08T06:12:32.670445Z 0 [Note] Shutting down plugin 'PERFORMANCE_SCHEMA'
2021-03-08T06:12:32.671129Z 0 [Note] Shutting down plugin 'MRG_MYISAM'
2021-03-08T06:12:32.671736Z 0 [Note] Shutting down plugin 'MyISAM'
2021-03-08T06:12:32.672480Z 0 [Note] Shutting down plugin 'INNODB_SYS_VIRTUAL'
2021-03-08T06:12:32.673109Z 0 [Note] Shutting down plugin 'INNODB_SYS_DATAFILES'
2021-03-08T06:12:32.673730Z 0 [Note] Shutting down plugin 'INNODB_SYS_TABLESPACES'
2021-03-08T06:12:32.674214Z 0 [Note] Shutting down plugin 'INNODB_SYS_FOREIGN_COLS'
2021-03-08T06:12:32.674825Z 0 [Note] Shutting down plugin 'INNODB_SYS_FOREIGN'
2021-03-08T06:12:32.675512Z 0 [Note] Shutting down plugin 'INNODB_SYS_FIELDS'
2021-03-08T06:12:32.675971Z 0 [Note] Shutting down plugin 'INNODB_SYS_COLUMNS'
2021-03-08T06:12:32.676732Z 0 [Note] Shutting down plugin 'INNODB_SYS_INDEXES'
2021-03-08T06:12:32.677375Z 0 [Note] Shutting down plugin 'INNODB_SYS_TABLESTATS'
2021-03-08T06:12:32.677949Z 0 [Note] Shutting down plugin 'INNODB_SYS_TABLES'
2021-03-08T06:12:32.678701Z 0 [Note] Shutting down plugin 'INNODB_FT_INDEX_TABLE'
2021-03-08T06:12:32.679384Z 0 [Note] Shutting down plugin 'INNODB_FT_INDEX_CACHE'
2021-03-08T06:12:32.680269Z 0 [Note] Shutting down plugin 'INNODB_FT_CONFIG'
2021-03-08T06:12:32.680885Z 0 [Note] Shutting down plugin 'INNODB_FT_BEING_DELETED'
2021-03-08T06:12:32.681480Z 0 [Note] Shutting down plugin 'INNODB_FT_DELETED'
2021-03-08T06:12:32.682093Z 0 [Note] Shutting down plugin 'INNODB_FT_DEFAULT_STOPWORD'
2021-03-08T06:12:32.682793Z 0 [Note] Shutting down plugin 'INNODB_METRICS'
2021-03-08T06:12:32.683356Z 0 [Note] Shutting down plugin 'INNODB_TEMP_TABLE_INFO'
2021-03-08T06:12:32.683885Z 0 [Note] Shutting down plugin 'INNODB_BUFFER_POOL_STATS'
2021-03-08T06:12:32.684655Z 0 [Note] Shutting down plugin 'INNODB_BUFFER_PAGE_LRU'
2021-03-08T06:12:32.685238Z 0 [Note] Shutting down plugin 'INNODB_BUFFER_PAGE'
2021-03-08T06:12:32.685980Z 0 [Note] Shutting down plugin 'INNODB_CMP_PER_INDEX_RESET'
2021-03-08T06:12:32.686553Z 0 [Note] Shutting down plugin 'INNODB_CMP_PER_INDEX'
2021-03-08T06:12:32.687322Z 0 [Note] Shutting down plugin 'INNODB_CMPMEM_RESET'
2021-03-08T06:12:32.688034Z 0 [Note] Shutting down plugin 'INNODB_CMPMEM'
2021-03-08T06:12:32.688574Z 0 [Note] Shutting down plugin 'INNODB_CMP_RESET'
2021-03-08T06:12:32.689130Z 0 [Note] Shutting down plugin 'INNODB_CMP'
2021-03-08T06:12:32.689688Z 0 [Note] Shutting down plugin 'INNODB_LOCK_WAITS'
2021-03-08T06:12:32.690184Z 0 [Note] Shutting down plugin 'INNODB_LOCKS'
2021-03-08T06:12:32.690682Z 0 [Note] Shutting down plugin 'INNODB_TRX'
2021-03-08T06:12:32.691216Z 0 [Note] Shutting down plugin 'InnoDB'
2021-03-08T06:12:32.691821Z 0 [Note] InnoDB: FTS optimize thread exiting.
2021-03-08T06:12:32.692594Z 0 [Note] InnoDB: Starting shutdown...
2021-03-08T06:12:32.796282Z 0 [Note] InnoDB: Dumping buffer pool(s) to /var/lib/mysql/ib_buffer_pool
2021-03-08T06:12:32.802492Z 0 [Note] InnoDB: Buffer pool(s) dump completed at 210308 15:12:32
2021-03-08T06:12:34.537508Z 0 [Note] InnoDB: Shutdown completed; log sequence number 12665509
2021-03-08T06:12:34.544962Z 0 [Note] InnoDB: Removed temporary tablespace data file: "ibtmp1"
2021-03-08T06:12:34.546673Z 0 [Note] Shutting down plugin 'MEMORY'
2021-03-08T06:12:34.548187Z 0 [Note] Shutting down plugin 'CSV'
2021-03-08T06:12:34.549428Z 0 [Note] Shutting down plugin 'sha256_password'
2021-03-08T06:12:34.550680Z 0 [Note] Shutting down plugin 'mysql_native_password'
2021-03-08T06:12:34.551515Z 0 [Note] Shutting down plugin 'binlog'
2021-03-08T06:12:34.558001Z 0 [Note] mysqld: Shutdown complete

2021-03-08T06:12:34.849036Z 0 [Warning] TIMESTAMP with implicit DEFAULT value is deprecated. Please use --explicit_defaults_for_timestamp server option (see documentation for more details).
2021-03-08T06:12:34.856700Z 0 [Note] mysqld (mysqld 5.7.33) starting as process 1 ...
2021-03-08T06:12:34.863741Z 0 [Warning] Setting lower_case_table_names=2 because file system for /var/lib/mysql/ is case insensitive
2021-03-08T06:12:34.868890Z 0 [Note] InnoDB: PUNCH HOLE support available
2021-03-08T06:12:34.869666Z 0 [Note] InnoDB: Mutexes and rw_locks use GCC atomic builtins
2021-03-08T06:12:34.870426Z 0 [Note] InnoDB: Uses event mutexes
2021-03-08T06:12:34.871079Z 0 [Note] InnoDB: GCC builtin __atomic_thread_fence() is used for memory barrier
2021-03-08T06:12:34.871648Z 0 [Note] InnoDB: Compressed tables use zlib 1.2.11
2021-03-08T06:12:34.872202Z 0 [Note] InnoDB: Using Linux native AIO
2021-03-08T06:12:34.873101Z 0 [Note] InnoDB: Number of pools: 1
2021-03-08T06:12:34.873967Z 0 [Note] InnoDB: Using CPU crc32 instructions
2021-03-08T06:12:34.875900Z 0 [Note] InnoDB: Initializing buffer pool, total size = 128M, instances = 1, chunk size = 128M
2021-03-08T06:12:34.885696Z 0 [Note] InnoDB: Completed initialization of buffer pool
2021-03-08T06:12:34.888205Z 0 [Note] InnoDB: If the mysqld execution user is authorized, page cleaner thread priority can be changed. See the man page of setpriority().
2021-03-08T06:12:34.933637Z 0 [Note] InnoDB: Highest supported file format is Barracuda.
2021-03-08T06:12:35.019851Z 0 [Note] InnoDB: Creating shared tablespace for temporary tables
2021-03-08T06:12:35.023495Z 0 [Note] InnoDB: Setting file './ibtmp1' size to 12 MB. Physically writing the file full; Please wait ...
2021-03-08T06:12:35.128330Z 0 [Note] InnoDB: File './ibtmp1' size is now 12 MB.
2021-03-08T06:12:35.134997Z 0 [Note] InnoDB: 96 redo rollback segment(s) found. 96 redo rollback segment(s) are active.
2021-03-08T06:12:35.135585Z 0 [Note] InnoDB: 32 non-redo rollback segment(s) are active.
2021-03-08T06:12:35.136835Z 0 [Note] InnoDB: Waiting for purge to start
2021-03-08T06:12:35.188499Z 0 [Note] InnoDB: 5.7.33 started; log sequence number 12665509
2021-03-08T06:12:35.191699Z 0 [Note] InnoDB: Loading buffer pool(s) from /var/lib/mysql/ib_buffer_pool
2021-03-08T06:12:35.192267Z 0 [Note] Plugin 'FEDERATED' is disabled.
2021-03-08T06:12:35.235931Z 0 [Note] Found ca.pem, server-cert.pem and server-key.pem in data directory. Trying to enable SSL support using them.
2021-03-08T06:12:35.236786Z 0 [Note] Skipping generation of SSL certificates as certificate files are present in data directory.
2021-03-08T06:12:35.244772Z 0 [Warning] CA certificate ca.pem is self signed.
2021-03-08T06:12:35.245835Z 0 [Note] Skipping generation of RSA key pair as key files are present in data directory.
2021-03-08T06:12:35.254630Z 0 [Note] Server hostname (bind-address): '*'; port: 3306
2021-03-08T06:12:35.255922Z 0 [Note] IPv6 is available.
2021-03-08T06:12:35.258332Z 0 [Note]   - '::' resolves to '::';
2021-03-08T06:12:35.260742Z 0 [Note] Server socket created on IP: '::'.
2021-03-08T06:12:35.263180Z 0 [Warning] Insecure configuration for --pid-file: Location '/var/run/mysqld' in the path is accessible to all OS users. Consider choosing a different directory.
2021-03-08T06:12:35.270340Z 0 [Note] InnoDB: Buffer pool(s) load completed at 210308 15:12:35
2021-03-08T06:12:35.458438Z 0 [Note] Event Scheduler: Loaded 0 events
2021-03-08T06:12:35.459606Z 0 [Note] mysqld: ready for connections.
Version: '5.7.33'  socket: '/var/run/mysqld/mysqld.sock'  port: 3306  MySQL Community Server (GPL)
